2019-07-09 07:31:02,026 - Phonebook View - ERROR - Session Error in Home View.
2019-07-09 09:05:30,435 - Phonebook View - ERROR - Session Error in Home View.
2019-07-09 10:10:55,088 - Phonebook View - ERROR - Session Error in Searched User View.
2019-07-09 10:13:15,917 - Phonebook View - ERROR - Session Error in Searched User View.
2019-07-09 10:30:08,241 - Phonebook View - ERROR - Session Error in Searched User View.
2019-07-09 10:30:34,122 - Phonebook View - ERROR - Session Error in Searched User View.
2019-07-10 04:37:45,688 - Phonebook View - ERROR - Session Error in Home View.
2019-07-10 04:39:34,129 - Phonebook View - ERROR - Session Error in Home View.
2019-07-10 04:39:35,524 - Phonebook View - ERROR - Session Error in Home View.
2019-07-10 04:39:36,429 - Phonebook View - ERROR - Session Error in Home View.
2019-07-10 04:39:36,536 - Phonebook View - ERROR - Session Error in Home View.
2019-07-10 04:39:36,798 - Phonebook View - ERROR - Session Error in Home View.
2019-07-10 04:39:36,916 - Phonebook View - ERROR - Session Error in Home View.
2019-07-10 04:39:37,166 - Phonebook View - ERROR - Session Error in Home View.
2019-07-10 04:39:37,271 - Phonebook View - ERROR - Session Error in Home View.
2019-07-10 04:39:37,531 - Phonebook View - ERROR - Session Error in Home View.
2019-07-10 04:39:37,651 - Phonebook View - ERROR - Session Error in Home View.
2019-07-10 04:39:37,916 - Phonebook View - ERROR - Session Error in Home View.
2019-07-10 04:39:38,027 - Phonebook View - ERROR - Session Error in Home View.
2019-07-10 04:39:38,281 - Phonebook View - ERROR - Session Error in Home View.
2019-07-10 04:39:38,565 - Phonebook View - ERROR - Session Error in Home View.
2019-07-10 04:39:38,677 - Phonebook View - ERROR - Session Error in Home View.
2019-07-10 04:39:38,980 - Phonebook View - ERROR - Session Error in Home View.
2019-07-10 07:02:36,969 - Phonebook View - ERROR - Session Error in Home View.
2019-07-10 07:03:10,558 - Phonebook View - ERROR - Session Error in Home View.
2019-07-10 09:20:28,647 - Phonebook View - ERROR - Session Error in Home View.
2019-07-10 09:40:03,379 - Phonebook View - ERROR - Primary Key Error in Add Manager View.
2019-07-10 10:12:41,052 - Phonebook View - ERROR - Session Error in Searched User View.
2019-07-10 10:41:01,483 - Phonebook View - ERROR - EmpUpdateSerializer Error.
2019-07-10 11:24:26,747 - Phonebook View - ERROR - EmpUpdateSerializer Error.
2019-07-10 12:47:09,876 - Phonebook View - ERROR - EmpUpdateSerializer Error.
2019-07-10 12:51:46,542 - Phonebook View - ERROR - Session Error in Home View.
2019-07-10 12:53:11,634 - Phonebook View - ERROR - Session Error in Home View.
2019-07-11 06:38:47,133 - Phonebook View - ERROR - EmpUpdateSerializer Error.
2019-07-11 06:42:04,702 - Phonebook View - ERROR - EmpUpdateSerializer Error.
2019-07-11 06:44:35,599 - Phonebook View - ERROR - EmpUpdateSerializer Error.
2019-07-11 06:45:30,278 - Phonebook View - ERROR - EmpUpdateSerializer Error.
2019-07-11 06:50:35,911 - Phonebook View - ERROR - EmpUpdateSerializer Error.
2019-07-11 06:51:40,246 - Phonebook View - ERROR - EmpUpdateSerializer Error.
2019-07-11 06:56:14,212 - Phonebook View - ERROR - EmpUpdateSerializer Error.
2019-07-11 06:57:10,645 - Phonebook View - ERROR - EmpUpdateSerializer Error.
2019-07-11 06:58:34,139 - Phonebook View - ERROR - EmpUpdateSerializer Error.
2019-07-11 07:36:25,274 - Phonebook View - ERROR - EmpUpdateSerializer Error.
2019-07-12 08:10:03,907 - Phonebook View - ERROR - Session Error in Home View.
2019-07-12 09:08:25,090 - Phonebook View - ERROR - Session Error in Home View.
2019-07-12 09:09:23,998 - Phonebook View - ERROR - Session Error in Home View.
2019-07-15 09:57:41,395 - Phonebook View - ERROR - Session Error in Home View.
2019-07-15 09:57:46,003 - Phonebook View - ERROR - Session Error in Home View.
2019-07-16 10:57:59,173 - Phonebook View - ERROR - Primary Key Error in Add Manager View.
2019-07-16 11:00:00,810 - Phonebook View - ERROR - Primary Key Error in Add Manager View.
2019-07-16 11:00:38,880 - Phonebook View - ERROR - Primary Key Error in Add Manager View.
2019-07-16 11:13:56,623 - Phonebook View - ERROR - Primary Key Error in Add Manager View.
2019-07-16 11:23:03,290 - Phonebook View - ERROR - Primary Key Error in Add Manager View.
2019-07-16 11:23:57,841 - Phonebook View - ERROR - Primary Key Error in Add Manager View.
2019-07-17 10:44:45,349 - Phonebook View - ERROR - UpdateSkillSerializer Error.
2019-07-17 10:49:16,903 - Phonebook View - ERROR - UpdateSkillSerializer Error.
2019-07-17 11:18:05,026 - Phonebook View - ERROR - UpdateSkillSerializer Error.
2019-07-17 11:30:00,542 - Phonebook View - ERROR - UpdateSkillSerializer Error.
2019-07-17 11:30:58,327 - Phonebook View - ERROR - UpdateSkillSerializer Error.
2019-07-17 12:26:09,206 - Phonebook View - ERROR - UpdateSkillSerializer Error.
2019-07-17 12:55:21,279 - Phonebook View - ERROR - UpdateSkillSerializer Error.
2019-07-17 13:15:23,286 - Phonebook View - ERROR - UpdateSkillSerializer Error.
2019-07-18 05:55:31,957 - Phonebook View - ERROR - UpdateSkillSerializer Error.
2019-07-18 05:59:17,359 - Phonebook View - ERROR - UpdateSkillSerializer Error.
2019-07-18 06:00:31,819 - Phonebook View - ERROR - UpdateSkillSerializer Error.
2019-07-18 06:43:06,516 - Phonebook View - ERROR - UpdateSkillSerializer Error.
2019-07-18 06:44:52,177 - Phonebook View - ERROR - UpdateSkillSerializer Error.
2019-07-18 06:50:06,468 - Phonebook View - ERROR - UpdateSkillSerializer Error.
2019-07-18 06:50:17,123 - Phonebook View - ERROR - UpdateSkillSerializer Error.
2019-07-18 06:52:41,626 - Phonebook View - ERROR - UpdateSkillSerializer Error.
2019-07-18 06:53:06,223 - Phonebook View - ERROR - UpdateSkillSerializer Error.
2019-07-18 06:53:17,022 - Phonebook View - ERROR - UpdateSkillSerializer Error.
2019-07-18 06:53:24,602 - Phonebook View - ERROR - UpdateSkillSerializer Error.
2019-07-18 06:54:13,128 - Phonebook View - ERROR - UpdateSkillSerializer Error.
2019-07-18 06:54:16,435 - Phonebook View - ERROR - UpdateSkillSerializer Error.
2019-07-18 06:54:34,824 - Phonebook View - ERROR - UpdateSkillSerializer Error.
2019-07-18 06:55:26,370 - Phonebook View - ERROR - UpdateSkillSerializer Error.
2019-07-18 06:56:30,366 - Phonebook View - ERROR - UpdateSkillSerializer Error.
2019-07-18 07:03:35,007 - Phonebook View - ERROR - UpdateSkillSerializer Error.
2019-07-18 07:12:31,130 - Phonebook View - ERROR - UpdateSkillSerializer Error.
2019-07-18 07:14:06,451 - Phonebook View - ERROR - UpdateSkillSerializer Error.
2019-07-18 07:14:25,533 - Phonebook View - ERROR - UpdateSkillSerializer Error.
2019-07-18 07:56:38,774 - Phonebook View - ERROR - Session Error in Home View.
2019-07-18 07:57:05,889 - Phonebook View - ERROR - UpdateSkillSerializer Error.
2019-07-18 08:14:26,998 - Phonebook View - ERROR - UpdateSkillSerializer Error.
2019-07-18 08:14:43,643 - Phonebook View - ERROR - UpdateSkillSerializer Error.
2019-07-18 08:15:41,012 - Phonebook View - ERROR - UpdateSkillSerializer Error.
2019-07-18 08:15:58,732 - Phonebook View - ERROR - UpdateSkillSerializer Error.
2019-07-18 08:16:09,452 - Phonebook View - ERROR - UpdateSkillSerializer Error.
2019-07-18 10:20:18,316 - Phonebook View - ERROR - Session Error in Home View.
2019-07-18 10:20:47,092 - Phonebook View - ERROR - Session Error in Home View.
2019-07-18 10:21:05,093 - Phonebook View - ERROR - Session Error in Home View.
2019-07-18 10:22:03,878 - Phonebook View - ERROR - Session Error in Home View.
2019-07-18 11:07:59,560 - Phonebook View - ERROR - Session Error in Home View.
2019-07-18 11:36:24,885 - Phonebook View - ERROR - Session Error in Home View.
2019-07-18 12:54:33,534 - Phonebook View - ERROR - Session Error in Home View.
2019-07-19 11:01:26,936 - Phonebook View - ERROR - Session Error in Home View.
2019-07-19 13:08:36,872 - Phonebook View - ERROR - Session Error in Home View.
2019-07-22 07:16:21,729 - Phonebook View - ERROR - Session Error in Home View.
2019-07-22 07:17:30,800 - Phonebook View - ERROR - EmpUpdateSerializer Error.
2019-07-22 07:18:45,912 - Phonebook View - ERROR - EmpDesSerializer Error
2019-07-22 07:19:10,205 - Phonebook View - ERROR - UpdateProSerializer Error.
