2019-07-09 07:31:02,026 - Phonebook View - ERROR - Session Error in Home View.
2019-07-09 09:05:30,435 - Phonebook View - ERROR - Session Error in Home View.
2019-07-09 10:10:55,088 - Phonebook View - ERROR - Session Error in Searched User View.
2019-07-09 10:13:15,917 - Phonebook View - ERROR - Session Error in Searched User View.
2019-07-09 10:30:08,241 - Phonebook View - ERROR - Session Error in Searched User View.
2019-07-09 10:30:34,122 - Phonebook View - ERROR - Session Error in Searched User View.
2019-07-10 04:37:45,688 - Phonebook View - ERROR - Session Error in Home View.
2019-07-10 04:39:34,129 - Phonebook View - ERROR - Session Error in Home View.
2019-07-10 04:39:35,524 - Phonebook View - ERROR - Session Error in Home View.
2019-07-10 04:39:36,429 - Phonebook View - ERROR - Session Error in Home View.
2019-07-10 04:39:36,536 - Phonebook View - ERROR - Session Error in Home View.
2019-07-10 04:39:36,798 - Phonebook View - ERROR - Session Error in Home View.
2019-07-10 04:39:36,916 - Phonebook View - ERROR - Session Error in Home View.
2019-07-10 04:39:37,166 - Phonebook View - ERROR - Session Error in Home View.
2019-07-10 04:39:37,271 - Phonebook View - ERROR - Session Error in Home View.
2019-07-10 04:39:37,531 - Phonebook View - ERROR - Session Error in Home View.
2019-07-10 04:39:37,651 - Phonebook View - ERROR - Session Error in Home View.
2019-07-10 04:39:37,916 - Phonebook View - ERROR - Session Error in Home View.
2019-07-10 04:39:38,027 - Phonebook View - ERROR - Session Error in Home View.
2019-07-10 04:39:38,281 - Phonebook View - ERROR - Session Error in Home View.
2019-07-10 04:39:38,565 - Phonebook View - ERROR - Session Error in Home View.
2019-07-10 04:39:38,677 - Phonebook View - ERROR - Session Error in Home View.
2019-07-10 04:39:38,980 - Phonebook View - ERROR - Session Error in Home View.
2019-07-10 07:02:36,969 - Phonebook View - ERROR - Session Error in Home View.
2019-07-10 07:03:10,558 - Phonebook View - ERROR - Session Error in Home View.
2019-07-10 09:20:28,647 - Phonebook View - ERROR - Session Error in Home View.
2019-07-10 09:40:03,379 - Phonebook View - ERROR - Primary Key Error in Add Manager View.
2019-07-10 10:12:41,052 - Phonebook View - ERROR - Session Error in Searched User View.
2019-07-10 10:41:01,483 - Phonebook View - ERROR - EmpUpdateSerializer Error.
2019-07-10 11:24:26,747 - Phonebook View - ERROR - EmpUpdateSerializer Error.
2019-07-10 12:47:09,876 - Phonebook View - ERROR - EmpUpdateSerializer Error.
2019-07-10 12:51:46,542 - Phonebook View - ERROR - Session Error in Home View.
2019-07-10 12:53:11,634 - Phonebook View - ERROR - Session Error in Home View.
2019-07-11 06:38:47,133 - Phonebook View - ERROR - EmpUpdateSerializer Error.
2019-07-11 06:42:04,702 - Phonebook View - ERROR - EmpUpdateSerializer Error.
2019-07-11 06:44:35,599 - Phonebook View - ERROR - EmpUpdateSerializer Error.
2019-07-11 06:45:30,278 - Phonebook View - ERROR - EmpUpdateSerializer Error.
2019-07-11 06:50:35,911 - Phonebook View - ERROR - EmpUpdateSerializer Error.
2019-07-11 06:51:40,246 - Phonebook View - ERROR - EmpUpdateSerializer Error.
2019-07-11 06:56:14,212 - Phonebook View - ERROR - EmpUpdateSerializer Error.
2019-07-11 06:57:10,645 - Phonebook View - ERROR - EmpUpdateSerializer Error.
2019-07-11 06:58:34,139 - Phonebook View - ERROR - EmpUpdateSerializer Error.
2019-07-11 07:36:25,274 - Phonebook View - ERROR - EmpUpdateSerializer Error.
2019-07-12 08:10:03,907 - Phonebook View - ERROR - Session Error in Home View.
2019-07-12 09:08:25,090 - Phonebook View - ERROR - Session Error in Home View.
2019-07-12 09:09:23,998 - Phonebook View - ERROR - Session Error in Home View.
2019-07-15 09:57:41,395 - Phonebook View - ERROR - Session Error in Home View.
2019-07-15 09:57:46,003 - Phonebook View - ERROR - Session Error in Home View.
2019-07-16 10:57:59,173 - Phonebook View - ERROR - Primary Key Error in Add Manager View.
2019-07-16 11:00:00,810 - Phonebook View - ERROR - Primary Key Error in Add Manager View.
2019-07-16 11:00:38,880 - Phonebook View - ERROR - Primary Key Error in Add Manager View.
2019-07-16 11:13:56,623 - Phonebook View - ERROR - Primary Key Error in Add Manager View.
2019-07-16 11:23:03,290 - Phonebook View - ERROR - Primary Key Error in Add Manager View.
2019-07-16 11:23:57,841 - Phonebook View - ERROR - Primary Key Error in Add Manager View.
2019-07-17 10:44:45,349 - Phonebook View - ERROR - UpdateSkillSerializer Error.
2019-07-17 10:49:16,903 - Phonebook View - ERROR - UpdateSkillSerializer Error.
2019-07-17 11:18:05,026 - Phonebook View - ERROR - UpdateSkillSerializer Error.
2019-07-17 11:30:00,542 - Phonebook View - ERROR - UpdateSkillSerializer Error.
2019-07-17 11:30:58,327 - Phonebook View - ERROR - UpdateSkillSerializer Error.
2019-07-17 12:26:09,206 - Phonebook View - ERROR - UpdateSkillSerializer Error.
2019-07-17 12:55:21,279 - Phonebook View - ERROR - UpdateSkillSerializer Error.
2019-07-17 13:15:23,286 - Phonebook View - ERROR - UpdateSkillSerializer Error.
2019-07-18 05:55:31,957 - Phonebook View - ERROR - UpdateSkillSerializer Error.
2019-07-18 05:59:17,359 - Phonebook View - ERROR - UpdateSkillSerializer Error.
2019-07-18 06:00:31,819 - Phonebook View - ERROR - UpdateSkillSerializer Error.
2019-07-18 06:43:06,516 - Phonebook View - ERROR - UpdateSkillSerializer Error.
2019-07-18 06:44:52,177 - Phonebook View - ERROR - UpdateSkillSerializer Error.
2019-07-18 06:50:06,468 - Phonebook View - ERROR - UpdateSkillSerializer Error.
2019-07-18 06:50:17,123 - Phonebook View - ERROR - UpdateSkillSerializer Error.
2019-07-18 06:52:41,626 - Phonebook View - ERROR - UpdateSkillSerializer Error.
2019-07-18 06:53:06,223 - Phonebook View - ERROR - UpdateSkillSerializer Error.
2019-07-18 06:53:17,022 - Phonebook View - ERROR - UpdateSkillSerializer Error.
2019-07-18 06:53:24,602 - Phonebook View - ERROR - UpdateSkillSerializer Error.
2019-07-18 06:54:13,128 - Phonebook View - ERROR - UpdateSkillSerializer Error.
2019-07-18 06:54:16,435 - Phonebook View - ERROR - UpdateSkillSerializer Error.
2019-07-18 06:54:34,824 - Phonebook View - ERROR - UpdateSkillSerializer Error.
2019-07-18 06:55:26,370 - Phonebook View - ERROR - UpdateSkillSerializer Error.
2019-07-18 06:56:30,366 - Phonebook View - ERROR - UpdateSkillSerializer Error.
2019-07-18 07:03:35,007 - Phonebook View - ERROR - UpdateSkillSerializer Error.
2019-07-18 07:12:31,130 - Phonebook View - ERROR - UpdateSkillSerializer Error.
2019-07-18 07:14:06,451 - Phonebook View - ERROR - UpdateSkillSerializer Error.
2019-07-18 07:14:25,533 - Phonebook View - ERROR - UpdateSkillSerializer Error.
2019-07-18 07:56:38,774 - Phonebook View - ERROR - Session Error in Home View.
2019-07-18 07:57:05,889 - Phonebook View - ERROR - UpdateSkillSerializer Error.
2019-07-18 08:14:26,998 - Phonebook View - ERROR - UpdateSkillSerializer Error.
2019-07-18 08:14:43,643 - Phonebook View - ERROR - UpdateSkillSerializer Error.
2019-07-18 08:15:41,012 - Phonebook View - ERROR - UpdateSkillSerializer Error.
2019-07-18 08:15:58,732 - Phonebook View - ERROR - UpdateSkillSerializer Error.
2019-07-18 08:16:09,452 - Phonebook View - ERROR - UpdateSkillSerializer Error.
2019-07-18 10:20:18,316 - Phonebook View - ERROR - Session Error in Home View.
2019-07-18 10:20:47,092 - Phonebook View - ERROR - Session Error in Home View.
2019-07-18 10:21:05,093 - Phonebook View - ERROR - Session Error in Home View.
2019-07-18 10:22:03,878 - Phonebook View - ERROR - Session Error in Home View.
2019-07-18 11:07:59,560 - Phonebook View - ERROR - Session Error in Home View.
2019-07-18 11:36:24,885 - Phonebook View - ERROR - Session Error in Home View.
2019-07-18 12:54:33,534 - Phonebook View - ERROR - Session Error in Home View.
2019-07-19 11:01:26,936 - Phonebook View - ERROR - Session Error in Home View.
2019-07-19 13:08:36,872 - Phonebook View - ERROR - Session Error in Home View.
2019-07-22 07:16:21,729 - Phonebook View - ERROR - Session Error in Home View.
2019-07-22 07:17:30,800 - Phonebook View - ERROR - EmpUpdateSerializer Error.
2019-07-22 07:18:45,912 - Phonebook View - ERROR - EmpDesSerializer Error
2019-07-22 07:19:10,205 - Phonebook View - ERROR - UpdateProSerializer Error.
2019-07-23 06:45:25,670 - Phonebook View - ERROR - Session Error in Home View.
2019-07-23 09:12:23,551 - Phonebook View - ERROR - EmpUpdateSerializer Error.
2019-07-23 10:00:42,596 - Phonebook View - ERROR - Session Error in Home View.
2019-07-23 10:05:05,467 - Phonebook View - ERROR - Session Error in Home View.
2019-07-23 10:07:36,153 - Phonebook View - ERROR - Session Error in Home View.
2019-07-23 10:14:01,251 - Phonebook View - ERROR - Session Error in Home View.
2019-07-23 10:23:08,258 - Phonebook View - ERROR - Session Error in Home View.
2019-07-23 10:23:37,575 - Phonebook View - ERROR - Session Error in Home View.
2019-07-23 10:23:49,147 - Phonebook View - ERROR - Session Error in Home View.
2019-07-23 10:24:31,907 - Phonebook View - ERROR - Session Error in Home View.
2019-07-23 10:25:43,291 - Phonebook View - ERROR - Session Error in Home View.
2019-07-23 10:26:09,700 - Phonebook View - ERROR - Session Error in Home View.
2019-07-23 10:33:17,084 - Phonebook View - ERROR - Session Error in Home View.
2019-07-23 10:33:37,663 - Phonebook View - ERROR - Session Error in Home View.
2019-07-23 10:33:45,548 - Phonebook View - ERROR - Session Error in Home View.
2019-07-23 10:34:35,017 - Phonebook View - ERROR - Session Error in Home View.
2019-07-23 10:34:37,064 - Phonebook View - ERROR - Session Error in Home View.
2019-07-23 10:35:03,993 - Phonebook View - ERROR - Session Error in Home View.
2019-07-23 10:44:34,199 - Phonebook View - ERROR - Session Error in Home View.
2019-07-23 10:44:47,103 - Phonebook View - ERROR - Session Error in Home View.
2019-07-23 10:44:55,887 - Phonebook View - ERROR - Session Error in Home View.
2019-07-23 10:45:02,849 - Phonebook View - ERROR - Session Error in Home View.
2019-07-23 10:45:09,380 - Phonebook View - ERROR - Session Error in Home View.
2019-07-23 10:45:15,216 - Phonebook View - ERROR - Session Error in Home View.
2019-07-23 10:45:29,864 - Phonebook View - ERROR - Session Error in Home View.
2019-07-23 10:45:42,045 - Phonebook View - ERROR - Session Error in Home View.
2019-07-23 10:52:38,274 - Phonebook View - ERROR - Session Error in Home View.
2019-07-23 10:53:49,635 - Phonebook View - ERROR - Session Error in Home View.
2019-07-23 10:54:07,247 - Phonebook View - ERROR - Session Error in Home View.
2019-07-23 10:54:14,636 - Phonebook View - ERROR - Session Error in Home View.
2019-07-23 10:58:55,006 - Phonebook View - ERROR - Session Error in Home View.
2019-07-23 10:59:16,046 - Phonebook View - ERROR - Session Error in Home View.
2019-07-23 11:02:26,814 - Phonebook View - ERROR - Session Error in Home View.
2019-07-23 11:03:48,536 - Phonebook View - ERROR - Session Error in Home View.
2019-07-23 11:04:05,340 - Phonebook View - ERROR - Session Error in Home View.
2019-07-23 11:06:07,281 - Phonebook View - ERROR - Session Error in Home View.
2019-07-23 11:16:05,612 - Phonebook View - ERROR - Session Error in Home View.
2019-07-23 11:16:59,676 - Phonebook View - ERROR - Session Error in Home View.
2019-07-23 11:17:18,966 - Phonebook View - ERROR - Session Error in Home View.
2019-07-23 11:18:29,346 - Phonebook View - ERROR - Session Error in Home View.
2019-07-23 11:18:33,425 - Phonebook View - ERROR - Session Error in Home View.
2019-07-23 11:20:34,434 - Phonebook View - ERROR - Session Error in Home View.
2019-07-23 11:20:48,332 - Phonebook View - ERROR - Session Error in Home View.
2019-07-23 11:20:52,465 - Phonebook View - ERROR - Session Error in Home View.
2019-07-23 11:27:49,106 - Phonebook View - ERROR - Session Error in Home View.
2019-07-23 11:29:26,967 - Phonebook View - ERROR - Session Error in Home View.
2019-07-23 11:29:38,309 - Phonebook View - ERROR - Session Error in Home View.
2019-07-23 11:30:14,584 - Phonebook View - ERROR - Session Error in Home View.
2019-07-23 11:30:48,472 - Phonebook View - ERROR - Session Error in Home View.
2019-07-23 11:31:03,917 - Phonebook View - ERROR - Session Error in Home View.
2019-07-23 11:32:26,191 - Phonebook View - ERROR - Session Error in Home View.
2019-07-23 11:32:41,347 - Phonebook View - ERROR - Session Error in Home View.
2019-07-23 11:34:41,338 - Phonebook View - ERROR - Session Error in Home View.
2019-07-23 11:35:04,802 - Phonebook View - ERROR - Session Error in Home View.
2019-07-23 11:36:13,964 - Phonebook View - ERROR - Session Error in Home View.
2019-07-23 11:36:25,709 - Phonebook View - ERROR - Session Error in Home View.
2019-07-23 11:36:38,422 - Phonebook View - ERROR - Session Error in Home View.
2019-07-23 11:38:32,149 - Phonebook View - ERROR - Session Error in Home View.
2019-07-23 11:40:51,279 - Phonebook View - ERROR - Session Error in Home View.
2019-07-23 11:41:02,000 - Phonebook View - ERROR - Session Error in Home View.
2019-07-23 11:42:21,815 - Phonebook View - ERROR - Session Error in Home View.
2019-07-23 11:42:38,897 - Phonebook View - ERROR - Session Error in Home View.
2019-07-23 11:44:19,928 - Phonebook View - ERROR - Session Error in Home View.
2019-07-23 11:44:35,775 - Phonebook View - ERROR - Session Error in Home View.
2019-07-23 11:45:26,359 - Phonebook View - ERROR - Session Error in Home View.
2019-07-23 11:46:00,156 - Phonebook View - ERROR - Session Error in Home View.
2019-07-23 11:46:40,414 - Phonebook View - ERROR - Session Error in Home View.
2019-07-23 11:46:54,059 - Phonebook View - ERROR - Session Error in Home View.
2019-07-23 11:47:20,359 - Phonebook View - ERROR - Session Error in Home View.
2019-07-23 11:49:49,116 - Phonebook View - ERROR - Session Error in Home View.
2019-07-23 11:55:05,245 - Phonebook View - ERROR - Session Error in Searched User View.
2019-07-23 11:55:33,530 - Phonebook View - ERROR - Session Error in Searched User View.
2019-07-23 11:55:43,850 - Phonebook View - ERROR - Session Error in Searched User View.
2019-07-23 12:08:01,548 - Phonebook View - ERROR - Session Error in Searched User View.
2019-07-24 05:38:22,460 - Phonebook View - ERROR - Session Error in Home View.
2019-07-24 08:02:49,655 - Phonebook View - ERROR - Session Error in Home View.
2019-07-24 08:03:33,877 - Phonebook View - ERROR - Session Error in Home View.
2019-07-24 08:13:41,935 - Phonebook View - ERROR - Session Error in Home View.
2019-07-24 08:14:22,462 - Phonebook View - ERROR - Session Error in Home View.
2019-07-24 08:55:45,191 - Phonebook View - ERROR - Session Error in Home View.
2019-07-24 08:56:06,772 - Phonebook View - ERROR - Session Error in Home View.
2019-07-24 08:56:30,452 - Phonebook View - ERROR - Session Error in Home View.
2019-07-24 08:57:05,355 - Phonebook View - ERROR - Session Error in Home View.
2019-07-24 09:07:42,832 - Phonebook View - ERROR - Session Error in Searched User View.
2019-07-24 09:08:50,990 - Phonebook View - ERROR - Session Error in Searched User View.
2019-07-24 09:09:13,820 - Phonebook View - ERROR - Session Error in Searched User View.
2019-07-24 09:10:26,638 - Phonebook View - ERROR - Session Error in Searched User View.
2019-07-24 09:11:13,524 - Phonebook View - ERROR - Session Error in Searched User View.
2019-07-24 09:11:37,483 - Phonebook View - ERROR - Session Error in Searched User View.
2019-07-24 09:12:07,485 - Phonebook View - ERROR - Session Error in Searched User View.
2019-07-24 09:12:59,606 - Phonebook View - ERROR - Session Error in Searched User View.
2019-07-24 09:15:32,623 - Phonebook View - ERROR - Session Error in Searched User View.
2019-07-24 09:17:26,766 - Phonebook View - ERROR - Session Error in Searched User View.
2019-07-24 09:18:01,922 - Phonebook View - ERROR - Session Error in Searched User View.
2019-07-24 09:24:47,714 - Phonebook View - ERROR - Session Error in Searched User View.
2019-07-24 09:25:04,191 - Phonebook View - ERROR - Session Error in Searched User View.
2019-07-24 09:26:00,715 - Phonebook View - ERROR - Session Error in Searched User View.
2019-07-24 09:28:03,403 - Phonebook View - ERROR - Session Error in Searched User View.
2019-07-24 09:29:09,097 - Phonebook View - ERROR - Session Error in Searched User View.
2019-07-24 09:34:31,792 - Phonebook View - ERROR - Session Error in Searched User View.
2019-07-24 09:37:13,563 - Phonebook View - ERROR - Session Error in Searched User View.
2019-07-24 09:41:57,432 - Phonebook View - ERROR - Session Error in Searched User View.
2019-07-24 09:43:15,591 - Phonebook View - ERROR - Session Error in Searched User View.
2019-07-24 09:44:06,004 - Phonebook View - ERROR - Session Error in Searched User View.
2019-07-24 09:44:36,596 - Phonebook View - ERROR - Session Error in Searched User View.
2019-07-24 09:44:42,960 - Phonebook View - ERROR - Session Error in Searched User View.
2019-07-24 09:45:11,637 - Phonebook View - ERROR - Session Error in Searched User View.
2019-07-24 09:45:31,016 - Phonebook View - ERROR - Session Error in Searched User View.
2019-07-24 09:45:33,009 - Phonebook View - ERROR - Session Error in Searched User View.
2019-07-24 09:45:43,568 - Phonebook View - ERROR - Session Error in Searched User View.
2019-07-24 09:45:54,789 - Phonebook View - ERROR - Session Error in Searched User View.
2019-07-24 09:49:46,256 - Phonebook View - ERROR - Session Error in Searched User View.
2019-07-24 09:50:28,345 - Phonebook View - ERROR - Session Error in Searched User View.
2019-07-24 09:51:32,686 - Phonebook View - ERROR - Session Error in Searched User View.
2019-07-24 09:52:05,103 - Phonebook View - ERROR - Session Error in Searched User View.
2019-07-24 09:52:22,114 - Phonebook View - ERROR - Session Error in Searched User View.
2019-07-24 09:52:56,007 - Phonebook View - ERROR - Session Error in Searched User View.
2019-07-24 09:53:14,958 - Phonebook View - ERROR - Session Error in Searched User View.
2019-07-24 09:53:41,577 - Phonebook View - ERROR - Session Error in Searched User View.
2019-07-24 09:54:37,086 - Phonebook View - ERROR - Session Error in Searched User View.
2019-07-25 05:53:20,766 - Phonebook View - ERROR - Session Error in Home View.
2019-07-25 05:55:39,521 - Phonebook View - ERROR - Session Error in Searched User View.
2019-07-29 09:34:48,762 - Phonebook View - ERROR - Session Error in Home View.
2019-07-29 09:39:32,682 - Phonebook View - ERROR - Session Error in Home View.
2019-07-29 09:40:37,501 - Phonebook View - ERROR - Session Error in Home View.
2019-07-29 09:40:58,317 - Phonebook View - ERROR - Session Error in Searched User View.
2019-07-29 09:41:12,582 - Phonebook View - ERROR - Session Error in Searched User View.
2019-07-29 09:41:17,029 - Phonebook View - ERROR - Session Error in Home View.
2019-07-30 06:32:50,894 - Phonebook View - ERROR - Session Error in Home View.
2019-07-30 06:36:50,364 - Phonebook View - ERROR - Session Error in Home View.
2019-07-30 07:06:50,855 - Phonebook View - ERROR - Home Page Error
2019-07-30 07:07:17,121 - Phonebook View - ERROR - Session Error in Home View.
2019-07-30 07:10:04,229 - Phonebook View - ERROR - Session Error in Home View.
2019-07-30 07:14:03,912 - Phonebook View - ERROR - Session Error in Home View.
2019-07-30 07:35:15,707 - Phonebook View - ERROR - Session Error in Home View.
2019-07-30 07:37:01,284 - Phonebook View - ERROR - Session Error in Home View.
2019-07-30 07:38:52,418 - Phonebook View - ERROR - Session Error in Home View.
2019-07-30 07:39:13,863 - Phonebook View - ERROR - Session Error in Home View.
2019-07-30 12:12:43,883 - Phonebook View - ERROR - Session Error in Home View.
2019-07-30 12:26:54,682 - Phonebook View - ERROR - Session Error in Home View.
2019-07-30 12:28:32,246 - Phonebook View - ERROR - Session Error in Home View.
2019-07-30 12:34:29,558 - Phonebook View - ERROR - Session Error in Home View.
2019-07-30 12:36:04,365 - Phonebook View - ERROR - Session Error in Home View.
2019-07-31 09:33:32,978 - Phonebook View - ERROR - Session Error in Home View.
2019-07-31 10:05:55,060 - Phonebook View - ERROR - Session Error in Home View.
2019-07-31 10:07:03,877 - Phonebook View - ERROR - Session Error in Home View.
2019-07-31 10:07:25,094 - Phonebook View - ERROR - Session Error in Home View.
2019-07-31 10:11:03,716 - Phonebook View - ERROR - Session Error in Home View.
2019-07-31 10:11:43,262 - Phonebook View - ERROR - Session Error in Home View.
2019-07-31 10:12:43,808 - Phonebook View - ERROR - Session Error in Home View.
2019-07-31 10:13:23,606 - Phonebook View - ERROR - Session Error in Home View.
2019-07-31 10:14:42,033 - Phonebook View - ERROR - Session Error in Home View.
2019-07-31 10:20:16,133 - Phonebook View - ERROR - Session Error in Home View.
2019-07-31 10:20:56,691 - Phonebook View - ERROR - Session Error in Home View.
2019-08-01 09:22:47,513 - Phonebook View - ERROR - Session Error in Home View.
2019-08-01 09:40:04,411 - Phonebook View - ERROR - Session Error in Home View.
2019-08-01 09:40:30,027 - Phonebook View - ERROR - Session Error in Home View.
2019-08-01 09:41:23,275 - Phonebook View - ERROR - Session Error in Home View.
2019-08-01 09:42:55,929 - Phonebook View - ERROR - Session Error in Home View.
2019-08-01 09:46:25,081 - Phonebook View - ERROR - Session Error in Home View.
2019-08-01 09:47:31,844 - Phonebook View - ERROR - Session Error in Home View.
2019-08-01 09:47:37,721 - Phonebook View - ERROR - Session Error in Home View.
2019-08-01 09:48:28,060 - Phonebook View - ERROR - Session Error in Home View.
2019-08-01 09:49:02,788 - Phonebook View - ERROR - Session Error in Home View.
2019-08-01 09:49:59,746 - Phonebook View - ERROR - Session Error in Home View.
2019-08-02 07:12:19,046 - Phonebook View - ERROR - Session Error in Home View.
2019-08-02 07:12:52,102 - Phonebook View - ERROR - Session Error in Home View.
2019-08-02 07:14:35,839 - Phonebook View - ERROR - Session Error in Home View.
2019-08-02 07:16:37,883 - Phonebook View - ERROR - Session Error in Home View.
2019-08-02 08:04:30,005 - Phonebook View - ERROR - Session Error in Home View.
2019-08-02 08:09:01,672 - Phonebook View - ERROR - Session Error in Home View.
2019-08-02 08:09:35,126 - Phonebook View - ERROR - Session Error in Home View.
2019-08-02 09:25:01,974 - Phonebook View - ERROR - Session Error in Home View.
2019-08-02 09:32:32,815 - Phonebook View - ERROR - Session Error in Home View.
2019-08-02 11:31:35,077 - Phonebook View - ERROR - Session Error in Searched User View.
2019-08-02 11:31:58,092 - Phonebook View - ERROR - Session Error in Searched User View.
2019-08-02 11:35:55,576 - Phonebook View - ERROR - Session Error in Searched User View.
2019-08-02 11:36:09,243 - Phonebook View - ERROR - Session Error in Searched User View.
2019-08-02 11:37:11,043 - Phonebook View - ERROR - Session Error in Searched User View.
2019-08-02 11:37:45,588 - Phonebook View - ERROR - Session Error in Searched User View.
2019-08-02 11:38:00,716 - Phonebook View - ERROR - Session Error in Searched User View.
2019-08-02 11:39:25,113 - Phonebook View - ERROR - Session Error in Searched User View.
2019-08-02 11:40:29,517 - Phonebook View - ERROR - Session Error in Searched User View.
2019-08-02 11:41:22,184 - Phonebook View - ERROR - Session Error in Searched User View.
2019-08-02 11:44:47,494 - Phonebook View - ERROR - Session Error in Searched User View.
2019-08-02 11:48:02,721 - Phonebook View - ERROR - Session Error in Searched User View.
2019-08-02 11:48:10,713 - Phonebook View - ERROR - Session Error in Home View.
2019-08-02 11:48:14,507 - Phonebook View - ERROR - Session Error in Searched User View.
2019-08-02 12:19:54,998 - Phonebook View - ERROR - Session Error in Home View.
2019-08-02 12:26:40,041 - Phonebook View - ERROR - Session Error in Searched User View.
2019-08-02 12:26:48,850 - Phonebook View - ERROR - Session Error in Home View.
2019-08-02 12:26:53,527 - Phonebook View - ERROR - Session Error in Home View.
2019-08-02 12:27:11,964 - Phonebook View - ERROR - Session Error in Searched User View.
2019-08-02 12:27:33,567 - Phonebook View - ERROR - Session Error in Searched User View.
2019-08-02 12:28:39,602 - Phonebook View - ERROR - Session Error in Home View.
2019-08-02 12:28:44,514 - Phonebook View - ERROR - Session Error in Home View.
2019-08-02 12:30:12,794 - Phonebook View - ERROR - Session Error in Searched User View.
2019-08-02 12:30:21,786 - Phonebook View - ERROR - Session Error in Home View.
2019-08-02 12:30:24,933 - Phonebook View - ERROR - Session Error in Home View.
2019-08-02 12:33:05,190 - Phonebook View - ERROR - Session Error in Searched User View.
2019-08-02 12:35:08,474 - Phonebook View - ERROR - Session Error in Searched User View.
2019-08-03 08:58:55,862 - Phonebook View - ERROR - Session Error in Home View.
2019-08-05 04:55:30,275 - Phonebook View - ERROR - Session Error in Searched User View.
2019-08-05 04:56:21,591 - Phonebook View - ERROR - Session Error in Searched User View.
2019-08-05 05:46:51,832 - Phonebook View - ERROR - Session Error in Home View.
2019-08-05 05:47:17,269 - Phonebook View - ERROR - Session Error in Home View.
2019-08-05 05:47:28,867 - Phonebook View - ERROR - Session Error in Home View.
2019-08-05 05:51:11,323 - Phonebook View - ERROR - Session Error in Home View.
2019-08-05 05:54:37,962 - Phonebook View - ERROR - Session Error in Home View.
2019-08-05 06:05:57,390 - Phonebook View - ERROR - Session Error in Home View.
2019-08-05 06:08:18,716 - Phonebook View - ERROR - Session Error in Home View.
2019-08-05 06:08:41,437 - Phonebook View - ERROR - Session Error in Home View.
2019-08-05 06:08:59,264 - Phonebook View - ERROR - Session Error in Home View.
2019-08-05 07:36:35,789 - Phonebook View - ERROR - Session Error in Update View.
2019-08-05 08:04:07,970 - Phonebook View - ERROR - Session Error in Home View.
2019-08-05 08:04:41,848 - Phonebook View - ERROR - Session Error in Home View.
2019-08-05 08:05:17,165 - Phonebook View - ERROR - Session Error in Home View.
2019-08-05 08:05:37,645 - Phonebook View - ERROR - Session Error in Home View.
2019-08-05 08:09:14,954 - Phonebook View - ERROR - Session Error in Home View.
2019-08-05 08:09:17,545 - Phonebook View - ERROR - Session Error in Update View.
2019-08-05 08:11:30,339 - Phonebook View - ERROR - Session Error in Home View.
2019-08-05 08:11:34,114 - Phonebook View - ERROR - Session Error in Update View.
2019-08-05 09:24:54,248 - Phonebook View - ERROR - Session Error in Home View.
2019-08-05 09:25:36,638 - Phonebook View - ERROR - Session Error in Home View.
2019-08-05 09:25:49,336 - Phonebook View - ERROR - Session Error in Home View.
2019-08-05 11:06:54,695 - Phonebook View - ERROR - Session Error in User View.
2019-08-06 05:26:09,758 - Phonebook View - ERROR - Session Error in Home View.
2019-08-06 05:29:26,140 - Phonebook View - ERROR - Session Error in Home View.
2019-08-06 05:32:33,817 - Phonebook View - ERROR - Session Error in Home View.
2019-08-06 05:34:32,701 - Phonebook View - ERROR - Session Error in Home View.
2019-08-06 05:34:59,601 - Phonebook View - ERROR - Session Error in Home View.
2019-08-06 05:37:39,021 - Phonebook View - ERROR - Session Error in Home View.
2019-08-06 05:37:48,356 - Phonebook View - ERROR - Session Error in Home View.
2019-08-06 06:09:51,871 - Phonebook View - ERROR - Session Error in Home View.
2019-08-06 06:15:08,024 - Phonebook View - ERROR - Session Error in Home View.
2019-08-06 06:16:14,615 - Phonebook View - ERROR - Session Error in Home View.
2019-08-06 06:16:43,775 - Phonebook View - ERROR - Session Error in User View.
2019-08-06 06:18:42,783 - Phonebook View - ERROR - Session Error in Update View.
2019-08-06 06:59:44,559 - Phonebook View - ERROR - Session Error in Home View.
2019-08-06 07:01:54,658 - Phonebook View - ERROR - Session Error in Home View.
2019-08-06 07:23:35,826 - Phonebook View - ERROR - Session Error in Home View.
2019-08-06 07:28:38,328 - Phonebook View - ERROR - Session Error in Update View.
2019-08-06 07:35:24,723 - Phonebook View - ERROR - Session Error in Home View.
2019-08-06 07:36:06,093 - Phonebook View - ERROR - Session Error in Home View.
2019-08-06 09:01:17,195 - Phonebook View - ERROR - Session Error in Home View.
2019-08-06 09:01:26,035 - Phonebook View - ERROR - Session Error in Home View.
2019-08-06 09:11:55,204 - Phonebook View - ERROR - Session Error in Home View.
2019-08-06 09:13:48,763 - Phonebook View - ERROR - Session Error in Home View.
2019-08-06 09:13:56,022 - Phonebook View - ERROR - Session Error in Home View.
2019-08-06 09:14:51,416 - Phonebook View - ERROR - Session Error in Home View.
2019-08-06 09:16:10,070 - Phonebook View - ERROR - Session Error in Home View.
2019-08-06 09:16:45,013 - Phonebook View - ERROR - Session Error in Home View.
2019-08-06 09:50:27,216 - Phonebook View - ERROR - Session Error in Home View.
2019-08-06 09:50:55,984 - Phonebook View - ERROR - Session Error in Home View.
2019-08-06 09:51:01,058 - Phonebook View - ERROR - Session Error in Home View.
2019-08-06 09:51:06,827 - Phonebook View - ERROR - Session Error in Home View.
2019-08-06 10:16:44,951 - Phonebook View - ERROR - Home Page Error
2019-08-06 10:16:50,512 - Phonebook View - ERROR - Home Page Error
2019-08-06 10:16:51,478 - Phonebook View - ERROR - Home Page Error
2019-08-06 10:16:56,105 - Phonebook View - ERROR - Home Page Error
2019-08-06 10:16:57,774 - Phonebook View - ERROR - Home Page Error
2019-08-06 10:18:47,317 - Phonebook View - ERROR - Session Error in Update View.
2019-08-06 10:27:13,488 - Phonebook View - ERROR - Home Page Error
2019-08-06 10:27:19,421 - Phonebook View - ERROR - Home Page Error
2019-08-06 10:27:30,903 - Phonebook View - ERROR - Home Page Error
2019-08-06 10:30:30,934 - Phonebook View - ERROR - Session Error in Update View.
2019-08-06 10:32:46,361 - Phonebook View - ERROR - Session Error in Home View.
2019-08-06 10:32:58,385 - Phonebook View - ERROR - Session Error in Home View.
2019-08-06 10:34:09,948 - Phonebook View - ERROR - Session Error in Home View.
2019-08-06 10:37:55,516 - Phonebook View - ERROR - Home Page Error
2019-08-06 10:37:57,371 - Phonebook View - ERROR - Home Page Error
2019-08-06 10:38:02,896 - Phonebook View - ERROR - Home Page Error
2019-08-06 10:38:06,464 - Phonebook View - ERROR - Home Page Error
2019-08-06 10:38:15,462 - Phonebook View - ERROR - Home Page Error
2019-08-06 10:39:00,498 - Phonebook View - ERROR - Session Error in Home View.
2019-08-06 10:42:47,714 - Phonebook View - ERROR - Session Error in Home View.
2019-08-06 10:42:51,288 - Phonebook View - ERROR - Session Error in Home View.
2019-08-06 10:55:12,839 - Phonebook View - ERROR - Home Page Error
2019-08-06 10:55:38,548 - Phonebook View - ERROR - Home Page Error
2019-08-06 10:55:43,703 - Phonebook View - ERROR - Home Page Error
2019-08-06 10:56:41,829 - Phonebook View - ERROR - Session Error in Home View.
2019-08-06 10:58:49,238 - Phonebook View - ERROR - Session Error in Home View.
2019-08-06 10:59:32,419 - Phonebook View - ERROR - Session Error in Home View.
2019-08-06 10:59:43,503 - Phonebook View - ERROR - Session Error in Home View.
2019-08-06 11:03:52,497 - Phonebook View - ERROR - Session Error in Home View.
2019-08-06 11:04:45,329 - Phonebook View - ERROR - Session Error in Home View.
2019-08-06 11:06:43,529 - Phonebook View - ERROR - Session Error in Home View.
2019-08-06 11:07:23,425 - Phonebook View - ERROR - Session Error in Home View.
2019-08-06 11:09:01,507 - Phonebook View - ERROR - Session Error in Home View.
2019-08-06 11:09:17,765 - Phonebook View - ERROR - Session Error in Home View.
2019-08-06 11:11:27,180 - Phonebook View - ERROR - Session Error in Home View.
2019-08-06 11:12:14,164 - Phonebook View - ERROR - Session Error in Home View.
2019-08-06 11:12:41,736 - Phonebook View - ERROR - Session Error in Home View.
2019-08-06 11:13:27,768 - Phonebook View - ERROR - Session Error in Home View.
2019-08-06 11:13:53,461 - Phonebook View - ERROR - Session Error in Home View.
2019-08-06 11:15:29,800 - Phonebook View - ERROR - Session Error in Home View.
2019-08-06 11:15:32,238 - Phonebook View - ERROR - Session Error in Home View.
2019-08-06 11:15:40,361 - Phonebook View - ERROR - Session Error in Home View.
2019-08-06 11:15:56,041 - Phonebook View - ERROR - Session Error in Home View.
2019-08-06 11:16:38,463 - Phonebook View - ERROR - Session Error in Home View.
2019-08-06 11:21:21,692 - Phonebook View - ERROR - Session Error in Home View.
2019-08-06 11:22:33,451 - Phonebook View - ERROR - Session Error in Home View.
2019-08-06 11:25:28,721 - Phonebook View - ERROR - Session Error in Home View.
2019-08-06 11:25:53,512 - Phonebook View - ERROR - Session Error in User View.
2019-08-06 11:26:18,382 - Phonebook View - ERROR - Session Error in Update View.
2019-08-06 11:29:19,923 - Phonebook View - ERROR - Session Error in Home View.
2019-08-06 11:29:34,092 - Phonebook View - ERROR - Session Error in User View.
2019-08-06 11:29:52,942 - Phonebook View - ERROR - Session Error in User View.
2019-08-06 11:30:15,990 - Phonebook View - ERROR - Session Error in Update View.
2019-08-06 11:30:30,220 - Phonebook View - ERROR - Session Error in Update View.
2019-08-06 11:31:03,278 - Phonebook View - ERROR - Session Error in User View.
2019-08-06 11:32:35,382 - Phonebook View - ERROR - Session Error in User View.
2019-08-06 11:34:04,055 - Phonebook View - ERROR - Session Error in User View.
2019-08-06 11:34:31,480 - Phonebook View - ERROR - Session Error in Update View.
2019-08-06 11:34:37,468 - Phonebook View - ERROR - Session Error in Home View.
2019-08-06 11:34:57,364 - Phonebook View - ERROR - Session Error in User View.
2019-08-06 11:36:06,608 - Phonebook View - ERROR - Session Error in User View.
2019-08-06 11:36:28,930 - Phonebook View - ERROR - Session Error in User View.
2019-08-06 11:36:43,798 - Phonebook View - ERROR - Session Error in Update View.
2019-08-06 11:38:45,044 - Phonebook View - ERROR - Session Error in Home View.
2019-08-06 11:39:24,054 - Phonebook View - ERROR - Session Error in Update View.
2019-08-06 11:39:30,090 - Phonebook View - ERROR - Session Error in User View.
2019-08-06 11:39:56,468 - Phonebook View - ERROR - Session Error in User View.
2019-08-06 11:41:35,117 - Phonebook View - ERROR - Session Error in Update View.
2019-08-06 11:41:49,950 - Phonebook View - ERROR - Session Error in User View.
2019-08-06 11:42:46,269 - Phonebook View - ERROR - Session Error in Update View.
2019-08-06 11:44:56,107 - Phonebook View - ERROR - Session Error in Home View.
2019-08-06 11:45:46,390 - Phonebook View - ERROR - Session Error in Home View.
2019-08-06 11:47:05,969 - Phonebook View - ERROR - Session Error in Home View.
2019-08-06 11:47:39,950 - Phonebook View - ERROR - Session Error in User View.
2019-08-06 11:48:03,462 - Phonebook View - ERROR - Session Error in User View.
2019-08-06 11:48:47,116 - Phonebook View - ERROR - Session Error in Home View.
2019-08-06 11:48:58,698 - Phonebook View - ERROR - Session Error in User View.
2019-08-06 11:50:19,550 - Phonebook View - ERROR - Session Error in Home View.
2019-08-06 11:51:01,012 - Phonebook View - ERROR - Session Error in User View.
2019-08-06 11:51:53,479 - Phonebook View - ERROR - Session Error in Home View.
2019-08-06 11:54:01,206 - Phonebook View - ERROR - Session Error in Home View.
2019-08-06 11:54:36,824 - Phonebook View - ERROR - Session Error in Home View.
2019-08-06 11:57:42,588 - Phonebook View - ERROR - Session Error in Home View.
2019-08-06 11:59:07,660 - Phonebook View - ERROR - Session Error in Home View.
2019-08-06 12:00:47,357 - Phonebook View - ERROR - Session Error in Home View.
2019-08-06 12:02:08,873 - Phonebook View - ERROR - Session Error in Home View.
2019-08-06 12:02:35,814 - Phonebook View - ERROR - Session Error in Home View.
2019-08-06 12:03:17,179 - Phonebook View - ERROR - Session Error in Home View.
2019-08-06 12:04:38,601 - Phonebook View - ERROR - Session Error in Home View.
2019-08-06 12:04:52,727 - Phonebook View - ERROR - Session Error in Home View.
2019-08-06 12:05:30,202 - Phonebook View - ERROR - Session Error in Home View.
2019-08-06 12:05:43,824 - Phonebook View - ERROR - Session Error in User View.
2019-08-06 12:06:28,388 - Phonebook View - ERROR - Session Error in Home View.
2019-08-06 12:10:44,660 - Phonebook View - ERROR - Session Error in Home View.
2019-08-06 12:15:27,997 - Phonebook View - ERROR - Session Error in Home View.
2019-08-06 12:17:42,242 - Phonebook View - ERROR - Session Error in Home View.
2019-08-06 12:21:20,459 - Phonebook View - ERROR - Session Error in Home View.
2019-08-06 12:22:19,750 - Phonebook View - ERROR - Session Error in Home View.
2019-08-06 12:24:26,465 - Phonebook View - ERROR - Session Error in Home View.
2019-08-06 12:24:44,863 - Phonebook View - ERROR - Session Error in User View.
2019-08-06 12:27:01,477 - Phonebook View - ERROR - Session Error in Home View.
2019-08-06 12:27:35,244 - Phonebook View - ERROR - Session Error in Home View.
2019-08-06 12:33:09,580 - Phonebook View - ERROR - Session Error in Home View.
2019-08-06 12:37:35,981 - Phonebook View - ERROR - Session Error in Home View.
2019-08-06 12:43:22,863 - Phonebook View - ERROR - Session Error in Home View.
2019-08-06 12:51:56,864 - Phonebook View - ERROR - Session Error in Home View.
2019-08-06 12:52:24,609 - Phonebook View - ERROR - Session Error in Home View.
2019-08-06 12:57:05,241 - Phonebook View - ERROR - Session Error in Home View.
2019-08-06 12:58:29,512 - Phonebook View - ERROR - Session Error in Home View.
2019-08-06 13:00:26,354 - Phonebook View - ERROR - Session Error in Home View.
2019-08-06 13:01:25,844 - Phonebook View - ERROR - Session Error in Home View.
2019-08-06 13:03:48,467 - Phonebook View - ERROR - Session Error in Home View.
2019-08-06 13:04:37,703 - Phonebook View - ERROR - Session Error in Home View.
2019-08-06 13:09:22,301 - Phonebook View - ERROR - Session Error in Home View.
2019-08-06 13:09:42,160 - Phonebook View - ERROR - Session Error in Home View.
2019-08-06 13:11:02,137 - Phonebook View - ERROR - Session Error in Home View.
2019-08-06 13:11:49,540 - Phonebook View - ERROR - Session Error in Home View.
2019-08-06 13:12:34,910 - Phonebook View - ERROR - Session Error in Home View.
2019-08-08 06:47:07,719 - Phonebook View - ERROR - Session Error in Update View.
2019-08-09 10:09:37,538 - Phonebook View - ERROR - Session Error in Home View.
2019-08-09 11:07:55,845 - Phonebook View - ERROR - Session Error in Home View.
2019-08-09 11:11:13,855 - Phonebook View - ERROR - Session Error in Home View.
2019-08-09 11:11:31,380 - Phonebook View - ERROR - Session Error in Home View.
2019-08-09 11:12:29,265 - Phonebook View - ERROR - Session Error in User View.
2019-08-09 11:12:50,516 - Phonebook View - ERROR - Session Error in Home View.
2019-08-09 11:12:51,195 - Phonebook View - ERROR - Session Error in Home View.
2019-08-09 11:13:43,391 - Phonebook View - ERROR - Session Error in Home View.
