2019-07-08 11:23:23,721 - Phonebook Login - INFO - Successful Login by shikher.mishra@nineleaps.com.
2019-07-08 11:24:36,855 - Phonebook Login - INFO - Successful Login by shikher.mishra@nineleaps.com.
2019-07-09 06:14:24,419 - Phonebook Login - INFO - Successful Login by shikher.mishra@nineleaps.com.
2019-07-09 06:15:51,393 - Phonebook Login - INFO - Successful Login by shikher.mishra@nineleaps.com.
2019-07-09 06:20:22,318 - Phonebook Login - INFO - Successful Login by shikher.mishra@nineleaps.com.
2019-07-09 06:23:34,028 - Phonebook Login - INFO - Successful Login by shikher.mishra@nineleaps.com.
2019-07-09 06:28:05,238 - Phonebook Login - INFO - Successful Logout by shikher.mishra@nineleaps.com.
2019-07-09 06:28:22,239 - Phonebook Login - INFO - Successful Login by pranjul.singh@nineleaps.com.
2019-07-09 08:03:27,495 - Phonebook Login - INFO - Successful Login by shikher.mishra@nineleaps.com.
2019-07-09 09:06:19,966 - Phonebook Login - INFO - Successful Login by shikher.mishra@nineleaps.com.
2019-07-09 10:31:04,404 - Phonebook Login - INFO - Successful Logout by None.
2019-07-09 10:31:17,356 - Phonebook Login - INFO - Successful Login by shikher.mishra@nineleaps.com.
2019-07-09 11:15:48,581 - Phonebook Login - INFO - Successful Login by shikher.mishra@nineleaps.com.
2019-07-09 11:22:16,693 - Phonebook Login - INFO - Successful Login by shikher.mishra@nineleaps.com.
2019-07-09 11:23:30,023 - Phonebook Login - INFO - Successful Logout by shikher.mishra@nineleaps.com.
2019-07-09 11:23:41,558 - Phonebook Login - INFO - Successful Login by shikher.mishra@nineleaps.com.
2019-07-09 11:25:05,727 - Phonebook Login - INFO - Successful Logout by shikher.mishra@nineleaps.com.
2019-07-09 11:25:13,911 - Phonebook Login - INFO - Successful Login by pranjul.singh@nineleaps.com.
2019-07-09 11:26:48,033 - Phonebook Login - INFO - Successful Logout by pranjul.singh@nineleaps.com.
2019-07-09 11:26:58,196 - Phonebook Login - INFO - Successful Login by shikher.mishra@nineleaps.com.
2019-07-09 11:27:22,179 - Phonebook Login - INFO - Successful Logout by shikher.mishra@nineleaps.com.
2019-07-09 11:27:36,224 - Phonebook Login - INFO - Successful Login by shikher.mishra@nineleaps.com.
2019-07-09 11:27:41,960 - Phonebook Login - INFO - Successful Logout by shikher.mishra@nineleaps.com.
2019-07-09 11:27:51,865 - Phonebook Login - INFO - Successful Login by pranjul.singh@nineleaps.com.
2019-07-09 12:20:54,605 - Phonebook Login - INFO - Successful Login by pranjul.singh@nineleaps.com.
2019-07-09 12:23:03,056 - Phonebook Login - INFO - Successful Login by pranjul.singh@nineleaps.com.
2019-07-09 12:27:28,904 - Phonebook Login - INFO - Successful Login by shikher.mishra@nineleaps.com.
2019-07-09 12:28:21,419 - Phonebook Login - INFO - Successful Logout by shikher.mishra@nineleaps.com.
2019-07-09 12:28:28,597 - Phonebook Login - INFO - Successful Login by pranjul.singh@nineleaps.com.
2019-07-09 12:42:20,513 - Phonebook Login - INFO - Successful Logout by pranjul.singh@nineleaps.com.
2019-07-09 12:42:38,689 - Phonebook Login - INFO - Successful Login by shikher.mishra@nineleaps.com.
2019-07-09 13:05:36,688 - Phonebook Login - INFO - Successful Login by pranjul.singh@nineleaps.com.
2019-07-09 17:14:01,328 - Phonebook Login - INFO - Successful Login by pranjul.singh@nineleaps.com.
2019-07-10 04:26:02,734 - Phonebook Login - INFO - Successful Login by shikher.mishra@nineleaps.com.
2019-07-10 04:26:42,594 - Phonebook Login - INFO - Successful Logout by shikher.mishra@nineleaps.com.
2019-07-10 04:27:09,530 - Phonebook Login - INFO - Successful Login by pranjul.singh@nineleaps.com.
2019-07-10 04:30:24,468 - Phonebook Login - INFO - Successful Login by shikher.mishra@nineleaps.com.
2019-07-10 04:30:45,942 - Phonebook Login - INFO - Successful Logout by shikher.mishra@nineleaps.com.
2019-07-10 04:30:57,739 - Phonebook Login - INFO - Successful Login by shikher.mishra@nineleaps.com.
2019-07-10 04:31:00,908 - Phonebook Login - INFO - Successful Logout by shikher.mishra@nineleaps.com.
2019-07-10 04:31:07,792 - Phonebook Login - INFO - Successful Login by pranjul.singh@nineleaps.com.
2019-07-10 04:34:31,350 - Phonebook Login - INFO - Successful Login by pranjul.singh@nineleaps.com.
2019-07-10 05:10:41,159 - Phonebook Login - INFO - Successful Login by shikher.mishra@nineleaps.com.
2019-07-10 05:10:56,060 - Phonebook Login - INFO - Successful Logout by shikher.mishra@nineleaps.com.
2019-07-10 05:11:03,954 - Phonebook Login - INFO - Successful Login by pranjul.singh@nineleaps.com.
2019-07-10 05:12:00,434 - Phonebook Login - INFO - Successful Login by pranjul.singh@nineleaps.com.
2019-07-10 05:14:54,629 - Phonebook Login - INFO - Successful Login by shikher.mishra@nineleaps.com.
2019-07-10 05:18:43,698 - Phonebook Login - INFO - Successful Login by shikher.mishra@nineleaps.com.
2019-07-10 05:21:07,898 - Phonebook Login - INFO - Successful Login by pranjul.singh@nineleaps.com.
2019-07-10 05:21:13,758 - Phonebook Login - INFO - Successful Logout by pranjul.singh@nineleaps.com.
2019-07-10 05:21:22,016 - Phonebook Login - INFO - Successful Login by shikher.mishra@nineleaps.com.
2019-07-10 05:23:02,562 - Phonebook Login - INFO - Successful Logout by shikher.mishra@nineleaps.com.
2019-07-10 05:23:23,083 - Phonebook Login - INFO - Successful Login by pranjul.singh@nineleaps.com.
2019-07-10 05:38:23,606 - Phonebook Login - INFO - Successful Logout by pranjul.singh@nineleaps.com.
2019-07-10 05:38:58,632 - Phonebook Login - INFO - Successful Login by shikher.mishra@nineleaps.com.
2019-07-10 05:41:34,534 - Phonebook Login - INFO - Successful Login by shikher.mishra@nineleaps.com.
2019-07-10 05:43:02,074 - Phonebook Login - INFO - Successful Login by pranjul.singh@nineleaps.com.
2019-07-10 05:43:08,527 - Phonebook Login - INFO - Successful Logout by pranjul.singh@nineleaps.com.
2019-07-10 05:43:16,159 - Phonebook Login - INFO - Successful Login by shikher.mishra@nineleaps.com.
2019-07-10 05:46:36,126 - Phonebook Login - INFO - Successful Login by shikher.mishra@nineleaps.com.
2019-07-10 05:49:42,087 - Phonebook Login - INFO - Successful Login by shikher.mishra@nineleaps.com.
2019-07-10 05:52:13,281 - Phonebook Login - INFO - Successful Login by shikher.mishra@nineleaps.com.
2019-07-10 05:53:39,858 - Phonebook Login - INFO - Successful Login by shikher.mishra@nineleaps.com.
2019-07-10 06:00:10,875 - Phonebook Login - INFO - Successful Login by shikher.mishra@nineleaps.com.
2019-07-10 06:02:01,303 - Phonebook Login - INFO - Successful Login by shikher.mishra@nineleaps.com.
2019-07-10 07:04:20,758 - Phonebook Login - INFO - Successful Login by shikher.mishra@nineleaps.com.
2019-07-10 08:12:08,911 - Phonebook Login - INFO - Successful Login by shikher.mishra@nineleaps.com.
2019-07-10 09:22:32,654 - Phonebook Login - INFO - Successful Login by shikher.mishra@nineleaps.com.
2019-07-10 09:39:42,194 - Phonebook Login - INFO - Successful Login by shikher.mishra@nineleaps.com.
2019-07-10 10:13:17,986 - Phonebook Login - INFO - Successful Login by shikher.mishra@nineleaps.com.
2019-07-10 11:18:59,163 - Phonebook Login - INFO - Successful Login by shikher.mishra@nineleaps.com.
2019-07-10 11:39:47,383 - Phonebook Login - INFO - Successful Login by shikher.mishra@nineleaps.com.
2019-07-10 11:45:42,709 - Phonebook Login - INFO - Successful Login by shikher.mishra@nineleaps.com.
2019-07-10 11:47:26,479 - Phonebook Login - INFO - Successful Login by shikher.mishra@nineleaps.com.
2019-07-10 12:56:51,017 - Phonebook Login - INFO - Successful Login by shikher.mishra@nineleaps.com.
2019-07-11 05:39:47,872 - Phonebook Login - INFO - Successful Login by shikher.mishra@nineleaps.com.
2019-07-11 06:38:24,907 - Phonebook Login - INFO - Successful Login by shikher.mishra@nineleaps.com.
2019-07-11 07:09:29,482 - Phonebook Login - INFO - Successful Logout by shikher.mishra@nineleaps.com.
2019-07-11 07:09:50,001 - Phonebook Login - INFO - Successful Login by aditi01@nineleaps.com.
2019-07-12 06:29:08,646 - Phonebook Login - INFO - Successful Login by shikher.mishra@nineleaps.com.
2019-07-12 06:58:39,906 - Phonebook Login - INFO - Successful Login by shikher.mishra@nineleaps.com.
2019-07-12 06:58:48,204 - Phonebook Login - INFO - Successful Logout by shikher.mishra@nineleaps.com.
2019-07-12 06:58:53,767 - Phonebook Login - INFO - Successful Login by shikher.mishra@nineleaps.com.
2019-07-12 08:10:13,521 - Phonebook Login - INFO - Successful Logout by None.
2019-07-12 08:10:21,393 - Phonebook Login - INFO - Successful Login by shikher.mishra@nineleaps.com.
2019-07-12 08:12:38,631 - Phonebook Login - INFO - Successful Login by shikher.mishra@nineleaps.com.
2019-07-12 08:16:08,248 - Phonebook Login - INFO - Successful Login by shikher.mishra@nineleaps.com.
2019-07-12 08:35:00,612 - Phonebook Login - INFO - Successful Login by shikher.mishra@nineleaps.com.
2019-07-12 08:47:54,033 - Phonebook Login - INFO - Successful Login by shikher.mishra@nineleaps.com.
2019-07-12 09:15:53,005 - Phonebook Login - INFO - Successful Login by shikher.mishra@nineleaps.com.
2019-07-16 10:52:27,981 - Phonebook Login - INFO - Successful Login by shikher.mishra@nineleaps.com.
2019-07-16 10:54:14,455 - Phonebook Login - INFO - Successful Login by shikher.mishra@nineleaps.com.
2019-07-16 10:55:36,080 - Phonebook Login - INFO - Successful Login by shikher.mishra@nineleaps.com.
2019-07-16 10:56:44,649 - Phonebook Login - INFO - Successful Logout by shikher.mishra@nineleaps.com.
2019-07-16 10:57:33,340 - Phonebook Login - INFO - Successful Login by pranjul.singh@nineleaps.com.
2019-07-16 11:04:15,342 - Phonebook Login - INFO - Successful Login by pranjul.singh@nineleaps.com.
2019-07-16 11:04:29,261 - Phonebook Login - INFO - Successful Logout by pranjul.singh@nineleaps.com.
2019-07-16 11:13:38,403 - Phonebook Login - INFO - Successful Login by shikher.mishra@nineleaps.com.
2019-07-16 11:22:29,894 - Phonebook Login - INFO - Successful Login by shikher.mishra@nineleaps.com.
2019-07-16 11:24:22,048 - Phonebook Login - INFO - Successful Logout by shikher.mishra@nineleaps.com.
2019-07-16 11:47:44,918 - Phonebook Login - INFO - Successful Login by shikher.mishra@nineleaps.com.
2019-07-16 11:48:34,778 - Phonebook Login - INFO - Successful Logout by shikher.mishra@nineleaps.com.
2019-07-16 11:53:26,353 - Phonebook Login - INFO - Successful Login by shikher.mishra@nineleaps.com.
2019-07-16 12:19:44,693 - Phonebook Login - INFO - Successful Logout by shikher.mishra@nineleaps.com.
2019-07-16 12:21:08,822 - Phonebook Login - INFO - Successful Login by aaroon.goel@nineleaps.com.
2019-07-16 12:27:47,455 - Phonebook Login - INFO - Successful Login by shikher.mishra@nineleaps.com.
2019-07-16 12:29:54,143 - Phonebook Login - INFO - Successful Login by shikher.mishra@nineleaps.com.
2019-07-17 05:21:26,939 - Phonebook Login - INFO - Successful Login by shikher.mishra@nineleaps.com.
2019-07-17 05:27:29,565 - Phonebook Login - INFO - Successful Login by shikher.mishra@nineleaps.com.
2019-07-17 05:31:26,677 - Phonebook Login - INFO - Successful Login by shikher.mishra@nineleaps.com.
2019-07-17 05:32:56,256 - Phonebook Login - INFO - Successful Login by shikher.mishra@nineleaps.com.
2019-07-17 05:35:53,659 - Phonebook Login - INFO - Successful Login by shikher.mishra@nineleaps.com.
2019-07-17 05:37:53,130 - Phonebook Login - INFO - Successful Login by shikher.mishra@nineleaps.com.
2019-07-17 05:42:40,333 - Phonebook Login - INFO - Successful Login by shikher.mishra@nineleaps.com.
2019-07-17 05:43:56,715 - Phonebook Login - INFO - Successful Login by shikher.mishra@nineleaps.com.
2019-07-17 05:48:37,203 - Phonebook Login - INFO - Successful Login by shikher.mishra@nineleaps.com.
2019-07-17 06:07:30,887 - Phonebook Login - INFO - Successful Login by shikher.mishra@nineleaps.com.
2019-07-17 06:09:23,835 - Phonebook Login - INFO - Successful Login by shikher.mishra@nineleaps.com.
2019-07-17 06:38:09,698 - Phonebook Login - INFO - Successful Login by shikher.mishra@nineleaps.com.
2019-07-17 06:39:47,662 - Phonebook Login - INFO - Successful Login by shikher.mishra@nineleaps.com.
2019-07-17 06:40:42,127 - Phonebook Login - INFO - Successful Login by shikher.mishra@nineleaps.com.
2019-07-17 06:50:51,139 - Phonebook Login - INFO - Successful Login by shikher.mishra@nineleaps.com.
2019-07-17 06:55:37,596 - Phonebook Login - INFO - Successful Login by shikher.mishra@nineleaps.com.
2019-07-17 06:57:50,182 - Phonebook Login - INFO - Successful Login by shikher.mishra@nineleaps.com.
2019-07-17 06:58:41,403 - Phonebook Login - INFO - Successful Login by shikher.mishra@nineleaps.com.
2019-07-17 07:08:48,435 - Phonebook Login - INFO - Successful Login by shikher.mishra@nineleaps.com.
2019-07-17 07:14:47,723 - Phonebook Login - INFO - Successful Login by shikher.mishra@nineleaps.com.
2019-07-17 07:17:03,027 - Phonebook Login - INFO - Successful Login by shikher.mishra@nineleaps.com.
2019-07-17 07:21:51,017 - Phonebook Login - INFO - Successful Login by shikher.mishra@nineleaps.com.
2019-07-17 07:24:30,797 - Phonebook Login - INFO - Successful Login by shikher.mishra@nineleaps.com.
2019-07-17 07:25:45,284 - Phonebook Login - INFO - Successful Login by shikher.mishra@nineleaps.com.
2019-07-17 07:27:36,326 - Phonebook Login - INFO - Successful Login by shikher.mishra@nineleaps.com.
2019-07-17 07:29:22,662 - Phonebook Login - INFO - Successful Login by shikher.mishra@nineleaps.com.
2019-07-17 07:49:36,816 - Phonebook Login - INFO - Successful Login by shikher.mishra@nineleaps.com.
2019-07-17 07:54:15,696 - Phonebook Login - INFO - Successful Login by shikher.mishra@nineleaps.com.
2019-07-17 07:57:19,312 - Phonebook Login - INFO - Successful Login by shikher.mishra@nineleaps.com.
2019-07-17 08:02:29,844 - Phonebook Login - INFO - Successful Login by shikher.mishra@nineleaps.com.
2019-07-17 08:05:18,756 - Phonebook Login - INFO - Successful Login by shikher.mishra@nineleaps.com.
2019-07-17 08:10:34,712 - Phonebook Login - INFO - Successful Login by shikher.mishra@nineleaps.com.
2019-07-17 08:11:21,511 - Phonebook Login - INFO - Successful Login by shikher.mishra@nineleaps.com.
2019-07-17 08:18:19,569 - Phonebook Login - INFO - Successful Login by shikher.mishra@nineleaps.com.
2019-07-17 08:19:51,928 - Phonebook Login - INFO - Successful Login by shikher.mishra@nineleaps.com.
2019-07-17 08:22:12,047 - Phonebook Login - INFO - Successful Login by shikher.mishra@nineleaps.com.
2019-07-17 08:23:38,394 - Phonebook Login - INFO - Successful Login by shikher.mishra@nineleaps.com.
2019-07-17 08:24:37,009 - Phonebook Login - INFO - Successful Login by shikher.mishra@nineleaps.com.
2019-07-17 08:29:30,366 - Phonebook Login - INFO - Successful Login by shikher.mishra@nineleaps.com.
2019-07-17 08:30:27,148 - Phonebook Login - INFO - Successful Login by shikher.mishra@nineleaps.com.
2019-07-17 08:34:37,212 - Phonebook Login - INFO - Successful Login by shikher.mishra@nineleaps.com.
2019-07-17 08:36:49,887 - Phonebook Login - INFO - Successful Login by shikher.mishra@nineleaps.com.
2019-07-17 08:41:41,869 - Phonebook Login - INFO - Successful Login by shikher.mishra@nineleaps.com.
2019-07-17 08:43:02,516 - Phonebook Login - INFO - Successful Login by shikher.mishra@nineleaps.com.
2019-07-17 08:46:46,944 - Phonebook Login - INFO - Successful Login by shikher.mishra@nineleaps.com.
2019-07-17 09:15:26,918 - Phonebook Login - INFO - Successful Login by shikher.mishra@nineleaps.com.
2019-07-17 09:22:00,699 - Phonebook Login - INFO - Successful Logout by shikher.mishra@nineleaps.com.
2019-07-17 09:22:07,358 - Phonebook Login - INFO - Successful Login by shikher.mishra@nineleaps.com.
2019-07-17 10:22:39,571 - Phonebook Login - INFO - Successful Login by shikher.mishra@nineleaps.com.
2019-07-17 10:40:42,477 - Phonebook Login - INFO - Successful Login by shikher.mishra@nineleaps.com.
2019-07-17 10:51:01,279 - Phonebook Login - INFO - Successful Login by shikher.mishra@nineleaps.com.
2019-07-17 10:59:34,839 - Phonebook Login - INFO - Successful Login by shikher.mishra@nineleaps.com.
2019-07-17 11:13:04,015 - Phonebook Login - INFO - Successful Login by shikher.mishra@nineleaps.com.
2019-07-17 11:14:23,941 - Phonebook Login - INFO - Successful Login by shikher.mishra@nineleaps.com.
2019-07-17 11:17:17,614 - Phonebook Login - INFO - Successful Login by shikher.mishra@nineleaps.com.
2019-07-17 11:23:16,184 - Phonebook Login - INFO - Successful Login by shikher.mishra@nineleaps.com.
2019-07-17 11:36:06,510 - Phonebook Login - INFO - Successful Logout by shikher.mishra@nineleaps.com.
2019-07-17 11:36:11,628 - Phonebook Login - INFO - Successful Login by shikher.mishra@nineleaps.com.
2019-07-17 13:05:50,022 - Phonebook Login - INFO - Successful Login by shikher.mishra@nineleaps.com.
2019-07-18 04:42:34,833 - Phonebook Login - INFO - Successful Login by shikher.mishra@nineleaps.com.
2019-07-18 05:00:20,403 - Phonebook Login - INFO - Successful Login by shikher.mishra@nineleaps.com.
2019-07-18 05:19:13,889 - Phonebook Login - INFO - Successful Login by shikher.mishra@nineleaps.com.
2019-07-18 05:26:40,144 - Phonebook Login - INFO - Successful Login by shikher.mishra@nineleaps.com.
2019-07-18 05:28:48,712 - Phonebook Login - INFO - Successful Login by shikher.mishra@nineleaps.com.
2019-07-18 05:31:23,894 - Phonebook Login - INFO - Successful Login by shikher.mishra@nineleaps.com.
2019-07-18 05:42:27,090 - Phonebook Login - INFO - Successful Login by shikher.mishra@nineleaps.com.
2019-07-18 05:48:37,664 - Phonebook Login - INFO - Successful Login by shikher.mishra@nineleaps.com.
2019-07-18 06:55:10,333 - Phonebook Login - INFO - Successful Login by shikher.mishra@nineleaps.com.
2019-07-18 07:56:46,911 - Phonebook Login - INFO - Successful Logout by None.
2019-07-18 07:56:54,542 - Phonebook Login - INFO - Successful Login by shikher.mishra@nineleaps.com.
2019-07-18 08:10:21,503 - Phonebook Login - INFO - Successful Login by shikher.mishra@nineleaps.com.
2019-07-18 08:24:20,686 - Phonebook Login - INFO - Successful Login by shikher.mishra@nineleaps.com.
2019-07-18 09:22:03,489 - Phonebook Login - INFO - Successful Login by shikher.mishra@nineleaps.com.
2019-07-18 10:01:55,538 - Phonebook Login - INFO - Successful Login by shikher.mishra@nineleaps.com.
2019-07-18 10:22:26,784 - Phonebook Login - INFO - Successful Login by shikher.mishra@nineleaps.com.
2019-07-18 10:39:04,864 - Phonebook Login - INFO - Successful Login by shikher.mishra@nineleaps.com.
2019-07-18 10:42:18,333 - Phonebook Login - INFO - Successful Login by shikher.mishra@nineleaps.com.
2019-07-18 10:45:28,335 - Phonebook Login - INFO - Successful Logout by shikher.mishra@nineleaps.com.
2019-07-18 10:45:39,364 - Phonebook Login - INFO - Successful Login by shikher.mishra@nineleaps.com.
2019-07-18 10:46:48,853 - Phonebook Login - INFO - Successful Logout by shikher.mishra@nineleaps.com.
2019-07-18 10:47:31,521 - Phonebook Login - INFO - Successful Login by shikher.mishra@nineleaps.com.
2019-07-18 10:51:24,902 - Phonebook Login - INFO - Successful Login by shikher.mishra@nineleaps.com.
2019-07-18 10:55:38,379 - Phonebook Login - INFO - Successful Logout by shikher.mishra@nineleaps.com.
2019-07-18 10:56:47,999 - Phonebook Login - INFO - Successful Login by shikher.mishra@nineleaps.com.
2019-07-18 11:06:34,413 - Phonebook Login - INFO - Successful Login by shikher.mishra@nineleaps.com.
2019-07-18 11:08:05,559 - Phonebook Login - INFO - Successful Logout by None.
2019-07-18 11:08:14,666 - Phonebook Login - INFO - Successful Login by shailesh.singh@nineleaps.com.
2019-07-18 11:15:27,702 - Phonebook Login - INFO - Successful Login by shikher.mishra@nineleaps.com.
2019-07-18 11:24:02,314 - Phonebook Login - INFO - Successful Login by shikher.mishra@nineleaps.com.
2019-07-18 11:31:00,884 - Phonebook Login - INFO - Successful Login by shikher.mishra@nineleaps.com.
2019-07-18 11:36:42,897 - Phonebook Login - INFO - Successful Logout by None.
2019-07-18 11:36:54,489 - Phonebook Login - INFO - Successful Login by shailesh.singh@nineleaps.com.
2019-07-18 11:38:11,668 - Phonebook Login - INFO - Successful Login by shikher.mishra@nineleaps.com.
2019-07-18 11:42:59,592 - Phonebook Login - INFO - Successful Login by shikher.mishra@nineleaps.com.
2019-07-18 11:44:54,328 - Phonebook Login - INFO - Successful Login by shikher.mishra@nineleaps.com.
2019-07-18 11:52:31,346 - Phonebook Login - INFO - Successful Login by shikher.mishra@nineleaps.com.
2019-07-18 11:54:29,006 - Phonebook Login - INFO - Successful Login by shikher.mishra@nineleaps.com.
2019-07-18 12:05:22,177 - Phonebook Login - INFO - Successful Login by shikher.mishra@nineleaps.com.
2019-07-18 12:07:00,000 - Phonebook Login - INFO - Successful Login by shikher.mishra@nineleaps.com.
2019-07-18 12:09:04,637 - Phonebook Login - INFO - Successful Login by shikher.mishra@nineleaps.com.
2019-07-18 12:11:08,087 - Phonebook Login - INFO - Successful Login by shikher.mishra@nineleaps.com.
2019-07-18 12:13:47,126 - Phonebook Login - INFO - Successful Login by shikher.mishra@nineleaps.com.
2019-07-18 12:23:25,483 - Phonebook Login - INFO - Successful Login by shikher.mishra@nineleaps.com.
2019-07-18 12:29:06,370 - Phonebook Login - INFO - Successful Login by shikher.mishra@nineleaps.com.
2019-07-18 12:36:22,770 - Phonebook Login - INFO - Successful Logout by shikher.mishra@nineleaps.com.
2019-07-18 12:36:36,424 - Phonebook Login - INFO - Successful Login by shikher.mishra@nineleaps.com.
2019-07-18 12:40:14,040 - Phonebook Login - INFO - Successful Login by shikher.mishra@nineleaps.com.
2019-07-18 12:40:55,763 - Phonebook Login - INFO - Successful Logout by shikher.mishra@nineleaps.com.
2019-07-18 12:41:02,735 - Phonebook Login - INFO - Successful Login by shikher.mishra@nineleaps.com.
2019-07-18 12:41:23,446 - Phonebook Login - INFO - Successful Logout by shikher.mishra@nineleaps.com.
2019-07-18 12:42:27,260 - Phonebook Login - INFO - Successful Login by shikher.mishra@nineleaps.com.
2019-07-18 12:49:45,798 - Phonebook Login - INFO - Successful Logout by shikher.mishra@nineleaps.com.
2019-07-18 12:50:21,150 - Phonebook Login - INFO - Successful Login by shikher.mishra@nineleaps.com.
2019-07-18 12:50:54,792 - Phonebook Login - INFO - Successful Logout by None.
2019-07-18 12:51:50,872 - Phonebook Login - INFO - Successful Logout by shikher.mishra@nineleaps.com.
2019-07-18 12:52:04,225 - Phonebook Login - INFO - Successful Login by shikher.mishra@nineleaps.com.
2019-07-18 12:54:58,579 - Phonebook Login - INFO - Successful Login by shikher.mishra@nineleaps.com.
2019-07-18 12:58:11,868 - Phonebook Login - INFO - Successful Login by shikher.mishra@nineleaps.com.
2019-07-18 13:03:20,339 - Phonebook Login - INFO - Successful Login by shikher.mishra@nineleaps.com.
2019-07-18 13:10:12,411 - Phonebook Login - INFO - Successful Login by shikher.mishra@nineleaps.com.
2019-07-18 13:10:43,407 - Phonebook Login - INFO - Successful Logout by shikher.mishra@nineleaps.com.
2019-07-18 13:13:24,173 - Phonebook Login - INFO - Successful Login by shikher.mishra@nineleaps.com.
2019-07-19 04:47:52,405 - Phonebook Login - INFO - Successful Login by shikher.mishra@nineleaps.com.
2019-07-19 04:56:19,155 - Phonebook Login - INFO - Successful Login by shikher.mishra@nineleaps.com.
2019-07-19 05:01:49,617 - Phonebook Login - INFO - Successful Logout by shikher.mishra@nineleaps.com.
2019-07-19 05:02:39,892 - Phonebook Login - INFO - Successful Login by shikher.mishra@nineleaps.com.
2019-07-19 05:57:01,312 - Phonebook Login - INFO - Successful Login by shikher.mishra@nineleaps.com.
2019-07-19 06:00:29,528 - Phonebook Login - INFO - Successful Login by shikher.mishra@nineleaps.com.
2019-07-19 06:03:20,399 - Phonebook Login - INFO - Successful Login by shikher.mishra@nineleaps.com.
2019-07-19 06:07:05,135 - Phonebook Login - INFO - Successful Logout by shikher.mishra@nineleaps.com.
2019-07-19 06:07:10,629 - Phonebook Login - INFO - Successful Login by shikher.mishra@nineleaps.com.
2019-07-19 06:36:29,585 - Phonebook Login - INFO - Successful Login by shikher.mishra@nineleaps.com.
2019-07-19 06:56:56,064 - Phonebook Login - INFO - Successful Logout by shikher.mishra@nineleaps.com.
2019-07-19 06:57:01,844 - Phonebook Login - INFO - Successful Login by shikher.mishra@nineleaps.com.
2019-07-19 09:27:20,165 - Phonebook Login - INFO - Successful Login by shikher.mishra@nineleaps.com.
2019-07-19 10:10:05,538 - Phonebook Login - INFO - Successful Login by shikher.mishra@nineleaps.com.
2019-07-19 10:26:38,554 - Phonebook Login - INFO - Successful Logout by shikher.mishra@nineleaps.com.
2019-07-19 10:29:25,841 - Phonebook Login - INFO - Successful Login by shikher.mishra@nineleaps.com.
2019-07-19 10:30:24,001 - Phonebook Login - INFO - Successful Login by shikher.mishra@nineleaps.com.
2019-07-19 11:01:30,853 - Phonebook Login - INFO - Successful Logout by None.
2019-07-19 11:01:41,244 - Phonebook Login - INFO - Successful Login by shikher.mishra@nineleaps.com.
2019-07-19 11:16:06,121 - Phonebook Login - INFO - Successful Login by shikher.mishra@nineleaps.com.
2019-07-19 11:24:28,938 - Phonebook Login - INFO - Successful Login by shikher.mishra@nineleaps.com.
2019-07-19 11:27:14,789 - Phonebook Login - INFO - Successful Login by shikher.mishra@nineleaps.com.
2019-07-19 11:28:25,225 - Phonebook Login - INFO - Successful Login by shikher.mishra@nineleaps.com.
2019-07-19 12:58:45,098 - Phonebook Login - INFO - Successful Login by shikher.mishra@nineleaps.com.
2019-07-19 13:00:34,740 - Phonebook Login - INFO - Successful Login by shikher.mishra@nineleaps.com.
2019-07-19 13:01:40,030 - Phonebook Login - INFO - Successful Login by shikher.mishra@nineleaps.com.
2019-07-19 13:06:26,837 - Phonebook Login - INFO - Successful Logout by shikher.mishra@nineleaps.com.
2019-07-19 13:06:32,395 - Phonebook Login - INFO - Successful Login by shikher.mishra@nineleaps.com.
2019-07-19 13:09:09,213 - Phonebook Login - INFO - Successful Login by shailesh.singh@nineleaps.com.
2019-07-20 05:20:31,642 - Phonebook Login - INFO - Successful Login by shikher.mishra@nineleaps.com.
2019-07-20 05:37:12,988 - Phonebook Login - INFO - Successful Login by shikher.mishra@nineleaps.com.
2019-07-20 05:50:11,023 - Phonebook Login - INFO - Successful Login by shikher.mishra@nineleaps.com.
2019-07-20 06:10:34,170 - Phonebook Login - INFO - Successful Login by shikher.mishra@nineleaps.com.
2019-07-20 06:25:58,747 - Phonebook Login - INFO - Successful Login by shikher.mishra@nineleaps.com.
2019-07-20 06:27:17,137 - Phonebook Login - INFO - Successful Login by shikher.mishra@nineleaps.com.
2019-07-20 06:27:22,336 - Phonebook Login - INFO - Successful Logout by None.
2019-07-20 06:50:28,493 - Phonebook Login - INFO - Successful Login by shikher.mishra@nineleaps.com.
2019-07-20 07:19:30,046 - Phonebook Login - INFO - Successful Login by shailesh.singh@nineleaps.com.
2019-07-20 07:25:31,431 - Phonebook Login - INFO - Successful Logout by None.
2019-07-20 07:25:39,781 - Phonebook Login - INFO - Successful Login by shailesh.singh@nineleaps.com.
2019-07-20 07:30:02,287 - Phonebook Login - INFO - Successful Logout by None.
2019-07-20 08:18:45,496 - Phonebook Login - INFO - Successful Login by shailesh.singh@nineleaps.com.
2019-07-20 09:06:01,871 - Phonebook Login - INFO - Successful Login by shailesh.singh@nineleaps.com.
2019-07-20 09:13:57,100 - Phonebook Login - INFO - Successful Login by shailesh.singh@nineleaps.com.
2019-07-20 09:40:56,735 - Phonebook Login - INFO - Successful Login by shailesh.singh@nineleaps.com.
2019-07-20 09:48:43,802 - Phonebook Login - INFO - Successful Logout by None.
2019-07-22 05:17:11,352 - Phonebook Login - INFO - Successful Login by shikher.mishra@nineleaps.com.
2019-07-22 05:17:14,453 - Phonebook Login - INFO - Successful Login by shailesh.singh@nineleaps.com.
2019-07-22 07:16:36,967 - Phonebook Login - INFO - Successful Logout by None.
2019-07-22 07:16:42,197 - Phonebook Login - INFO - Successful Login by shikher.mishra@nineleaps.com.
2019-07-22 07:31:03,994 - Phonebook Login - INFO - Successful Login by shikher.mishra@nineleaps.com.
